[2025-08-27 22:45:03] Checking ports...
[2025-08-27 22:45:03] Port 9000 free.
[2025-08-27 22:45:03] Port 9100 free.
[2025-08-27 22:45:03] Port 9200 free.
[2025-08-27 22:45:03] Port 9300 free.
[2025-08-27 22:45:03] Port 9400 free.
[2025-08-27 22:45:03] Starting DivineTruthAscension server...
[2025-08-27 22:45:04] Server stopped.
[2025-08-27 22:45:04] Waiting 15 seconds before retry...
[2025-08-27 22:45:19] Checking ports...
[2025-08-27 22:45:19] Port 9000 free.
[2025-08-27 22:45:19] Port 9100 free.
[2025-08-27 22:45:19] Port 9200 free.
[2025-08-27 22:45:19] Port 9300 free.
[2025-08-27 22:45:19] Port 9400 free.
[2025-08-27 22:45:19] Starting DivineTruthAscension server...
[2025-08-27 22:45:20] Server stopped.
[2025-08-27 22:45:20] Waiting 15 seconds before retry...
[2025-08-27 22:45:35] Checking ports...
[2025-08-27 22:45:35] Port 9000 free.
[2025-08-27 22:45:35] Port 9100 free.
[2025-08-27 22:45:35] Port 9200 free.
[2025-08-27 22:45:35] Port 9300 free.
[2025-08-27 22:45:35] Port 9400 free.
[2025-08-27 22:45:35] Starting DivineTruthAscension server...
[2025-08-27 22:45:36] Server stopped.
[2025-08-27 22:45:36] Waiting 15 seconds before retry...
[2025-08-27 22:45:51] Checking ports...
[2025-08-27 22:45:51] Port 9000 free.
[2025-08-27 22:45:51] Port 9100 free.
[2025-08-27 22:45:51] Port 9200 free.
[2025-08-27 22:45:51] Port 9300 free.
[2025-08-27 22:45:51] Port 9400 free.
[2025-08-27 22:45:51] Starting DivineTruthAscension server...
[2025-08-27 22:45:52] Server stopped.
[2025-08-27 22:45:52] Waiting 15 seconds before retry...
[2025-08-27 22:46:07] Checking ports...
[2025-08-27 22:46:07] Port 9000 free.
[2025-08-27 22:46:07] Port 9100 free.
[2025-08-27 22:46:07] Port 9200 free.
[2025-08-27 22:46:07] Port 9300 free.
[2025-08-27 22:46:07] Port 9400 free.
[2025-08-27 22:46:07] Starting DivineTruthAscension server...
[2025-08-27 22:46:08] Server stopped.
[2025-08-27 22:46:08] Max retries reached (5). Exiting loop.
